c:\users\gaofei\desktop\tid\tid\x64\release\moc_tid.obj
c:\users\gaofei\desktop\tid\tid\x64\release\qrc_tid.obj
c:\users\gaofei\desktop\tid\tid\x64\release\moc_myqgraphicsscene.obj
c:\users\gaofei\desktop\tid\tid\x64\release\moc_myqgraphicsview.obj
c:\users\gaofei\desktop\tid\tid\x64\release\moc_param_view.obj
c:\users\gaofei\desktop\tid\tid\x64\release\myqgraphicsscene.obj
c:\users\gaofei\desktop\tid\tid\x64\release\param_view.obj
c:\users\gaofei\desktop\tid\tid\x64\release\myqgraphicsview.obj
c:\users\gaofei\desktop\tid\tid\x64\release\main.obj
c:\users\gaofei\desktop\tid\tid\x64\release\tid.obj
c:\users\gaofei\desktop\tid\x64\release\tid.exe
c:\users\gaofei\desktop\tid\tid\x64\release\moc\moc_tid.cpp
c:\users\gaofei\desktop\tid\tid\x64\release\moc\moc_param_view.cpp
c:\users\gaofei\desktop\tid\tid\x64\release\moc\moc_myqgraphicsview.cpp
c:\users\gaofei\desktop\tid\tid\x64\release\moc\moc_myqgraphicsscene.cpp
c:\users\gaofei\desktop\tid\tid\x64\release\rcc\qrc_tid.cpp
c:\users\gaofei\desktop\tid\tid\x64\release\uic\ui_param_view.h
c:\users\gaofei\desktop\tid\tid\x64\release\uic\ui_tid.h
c:\users\gaofei\desktop\tid\tid\x64\release\tid.tlog\cl.10196.write.1.tlog
c:\users\gaofei\desktop\tid\tid\x64\release\tid.tlog\cl.command.1.tlog
c:\users\gaofei\desktop\tid\tid\x64\release\tid.tlog\cl.read.1.tlog
c:\users\gaofei\desktop\tid\tid\x64\release\tid.tlog\link.command.1.tlog
c:\users\gaofei\desktop\tid\tid\x64\release\tid.tlog\link.read.1.tlog
c:\users\gaofei\desktop\tid\tid\x64\release\tid.tlog\link.write.1.tlog
c:\users\gaofei\desktop\tid\tid\x64\release\tid.tlog\moc.read.1u.tlog
c:\users\gaofei\desktop\tid\tid\x64\release\tid.tlog\moc.write.1u.tlog
c:\users\gaofei\desktop\tid\tid\x64\release\tid.tlog\rcc.read.1u.tlog
c:\users\gaofei\desktop\tid\tid\x64\release\tid.tlog\rcc.write.1u.tlog
c:\users\gaofei\desktop\tid\tid\x64\release\tid.tlog\tid.write.1u.tlog
c:\users\gaofei\desktop\tid\tid\x64\release\tid.tlog\uic.read.1u.tlog
c:\users\gaofei\desktop\tid\tid\x64\release\tid.tlog\uic.write.1u.tlog
