c:\users\gaofei\desktop\tid\tid\x64\debug\myqgraphicsview.obj
c:\users\gaofei\desktop\tid\tid\x64\debug\tid.obj
c:\users\gaofei\desktop\tid\tid\x64\debug\myqgraphicsscene.obj
c:\users\gaofei\desktop\tid\tid\x64\debug\param_view.obj
c:\users\gaofei\desktop\tid\tid\x64\debug\main.obj
c:\users\gaofei\desktop\tid\tid\x64\debug\qrc_tid.obj
c:\users\gaofei\desktop\tid\tid\x64\debug\moc_myqgraphicsscene.obj
c:\users\gaofei\desktop\tid\tid\x64\debug\moc_tid.obj
c:\users\gaofei\desktop\tid\tid\x64\debug\moc_myqgraphicsview.obj
c:\users\gaofei\desktop\tid\tid\x64\debug\moc_param_view.obj
c:\users\gaofei\desktop\tid\tid\x64\debug\vc142.pdb
c:\users\gaofei\desktop\tid\tid\x64\debug\myqgraphicsitem.obj
c:\users\gaofei\desktop\tid\tid\x64\debug\common.obj
c:\users\gaofei\desktop\tid\x64\debug\tid.exe
c:\users\gaofei\desktop\tid\x64\debug\tid.ilk
c:\users\gaofei\desktop\tid\x64\debug\tid.pdb
c:\users\gaofei\desktop\tid\tid\x64\debug\moc\moc_tid.cpp
c:\users\gaofei\desktop\tid\tid\x64\debug\moc\moc_param_view.cpp
c:\users\gaofei\desktop\tid\tid\x64\debug\moc\moc_myqgraphicsview.cpp
c:\users\gaofei\desktop\tid\tid\x64\debug\moc\moc_myqgraphicsscene.cpp
c:\users\gaofei\desktop\tid\tid\x64\debug\rcc\qrc_tid.cpp
c:\users\gaofei\desktop\tid\tid\x64\debug\uic\ui_param_view.h
c:\users\gaofei\desktop\tid\tid\x64\debug\uic\ui_tid.h
c:\users\gaofei\desktop\tid\tid\x64\debug\tid.tlog\cl.command.1.tlog
c:\users\gaofei\desktop\tid\tid\x64\debug\tid.tlog\cl.read.1.tlog
c:\users\gaofei\desktop\tid\tid\x64\debug\tid.tlog\cl.write.1.tlog
c:\users\gaofei\desktop\tid\tid\x64\debug\tid.tlog\link.command.1.tlog
c:\users\gaofei\desktop\tid\tid\x64\debug\tid.tlog\link.read.1.tlog
c:\users\gaofei\desktop\tid\tid\x64\debug\tid.tlog\link.write.1.tlog
c:\users\gaofei\desktop\tid\tid\x64\debug\tid.tlog\moc.read.1u.tlog
c:\users\gaofei\desktop\tid\tid\x64\debug\tid.tlog\moc.write.1u.tlog
c:\users\gaofei\desktop\tid\tid\x64\debug\tid.tlog\rcc.read.1u.tlog
c:\users\gaofei\desktop\tid\tid\x64\debug\tid.tlog\rcc.write.1u.tlog
c:\users\gaofei\desktop\tid\tid\x64\debug\tid.tlog\tid.write.1u.tlog
c:\users\gaofei\desktop\tid\tid\x64\debug\tid.tlog\uic.read.1u.tlog
c:\users\gaofei\desktop\tid\tid\x64\debug\tid.tlog\uic.write.1u.tlog
